1.9228 	WARNING 	We strongly recommend you activate the PTB sound engine in PsychoPy prefs as the preferred audio engine. Its timing is vastly superior. Your prefs are currently set to use ['sounddevice', 'PTB', 'pyo', 'pygame'] (in that order).
6.9114 	WARNING 	User requested fullscreen with size [1024  768], but screen is actually [1920, 1080]. Using actual size
8.1224 	EXP 	Created window1 = Window(allowGUI=True, allowStencil=False, autoLog=True, backendConf=UNKNOWN, bitsMode=UNKNOWN, blendMode='avg', bpc=(8, 8, 8), color=array([0, 0, 0]), colorSpace='rgb', depthBits=8, fullscr=<method-wrapper '__getattribute__' of attributeSetter object at 0x0000022407C4AE80>, gamma=None, gammaErrorPolicy='raise', lms=UNKNOWN, monitor=<psychopy.monitors.calibTools.Monitor object at 0x000002240A752E20>, multiSample=False, name='window1', numSamples=2, pos=(0, 0), screen=0, size=array([1920, 1080]), stencilBits=0, stereo=False, units='height', useFBO=True, useRetina=False, viewOri=0.0, viewPos=None, viewScale=None, waitBlanking=True, winType='pyglet')
8.1226 	EXP 	window1: mouseVisible = True
8.1228 	EXP 	window1: mouseVisible = False
8.1229 	EXP 	window1: Attempting to measure frame rate of screen (0) ...
8.1229 	EXP 	window1: recordFrameIntervals = False
8.2874 	EXP 	window1: recordFrameIntervals = True
8.4711 	EXP 	Screen (0) actual frame rate measured at 60.07Hz
8.4711 	EXP 	window1: recordFrameIntervals = False
10.7125 	EXP 	Created fixation = ShapeStim(__class__=<class 'psychopy.visual.shape.ShapeStim'>, anchor=('center', 'center'), autoDraw=False, autoLog=True, closeShape=True, color=method-wrapper(...), colorSpace='rgb', contrast=None, depth=-1.0, fillColor=array([1, 1, 1]), fillColorSpace='rgb', fillRGB=array([1, 1, 1]), interpolate=True, lineColor=array([1, 1, 1]), lineColorSpace='rgb', lineRGB=array([1, 1, 1]), lineWidth=1.0, name='fixation', opacity=1.0, ori=0.0, pos=array([0., 0.]), size=array([10., 10.]), units='pix', vertices=ndarray(...), win=Window(...), windingRule=None)
10.7177 	EXP 	Created grating = GratingStim(__class__=<class 'psychopy.visual.grating.GratingStim'>, anchor='center', autoDraw=False, autoLog=True, blendmode='avg', color=array([1, 1, 1]), colorSpace='rgb', contrast=1.0, depth=-2.0, interpolate=True, mask='circle', maskParams=None, name='grating', opacity=1.0, ori=0.0, phase=array([0., 0.]), pos=array([0., 0.]), rgbPedestal=array([0., 0., 0.]), sf=array([5., 5.]), size=array([0.1, 0.1]), tex='sin', texRes=128.0, units='height', win=Window(...))
10.7602 	EXP 	Imported Grating_Titration_exp.xlsx as conditions, 1 conditions, 5 params
11.2555 	EXP 	window1: recordFrameIntervals = False
11.2615 	EXP 	window1: recordFrameIntervals = False
12.2570 	EXP 	fixation: autoDraw = True
12.7206 	EXP 	grating: autoDraw = True
12.7206 	EXP 	grating: tex = 'sin'
13.0208 	EXP 	grating: autoDraw = False
13.2708 	EXP 	fixation: autoDraw = False
17.1555 	EXP 	window1: recordFrameIntervals = False
17.1567 	DATA 	Keypress: left
17.1707 	EXP 	fixation: autoDraw = False
17.1707 	EXP 	grating: autoDraw = False
17.1708 	EXP 	window1: recordFrameIntervals = False
18.1543 	EXP 	fixation: autoDraw = True
19.1539 	EXP 	fixation: autoDraw = False
19.1707 	EXP 	grating: autoDraw = True
19.1707 	EXP 	grating: tex = 'sin'
19.4705 	EXP 	grating: autoDraw = False
19.5553 	EXP 	window1: recordFrameIntervals = False
19.5560 	DATA 	Keypress: right
19.5705 	EXP 	fixation: autoDraw = False
19.5705 	EXP 	grating: autoDraw = False
19.5706 	EXP 	window1: recordFrameIntervals = False
20.5545 	EXP 	fixation: autoDraw = True
21.5540 	EXP 	fixation: autoDraw = False
21.5706 	EXP 	grating: autoDraw = True
21.5706 	EXP 	grating: tex = 'sin'
21.8704 	EXP 	grating: autoDraw = False
21.9552 	EXP 	window1: recordFrameIntervals = False
21.9559 	DATA 	Keypress: left
21.9706 	EXP 	fixation: autoDraw = False
21.9706 	EXP 	grating: autoDraw = False
21.9708 	EXP 	window1: recordFrameIntervals = False
22.9541 	EXP 	fixation: autoDraw = True
23.9538 	EXP 	fixation: autoDraw = False
23.9538 	EXP 	grating: autoDraw = True
23.9538 	EXP 	grating: tex = 'sin'
24.2396 	EXP 	window1: recordFrameIntervals = False
24.2404 	DATA 	Keypress: right
24.2539 	EXP 	grating: autoDraw = False
24.2539 	EXP 	fixation: autoDraw = False
24.2539 	EXP 	grating: autoDraw = False
24.2541 	EXP 	window1: recordFrameIntervals = False
25.2371 	EXP 	fixation: autoDraw = True
26.2371 	EXP 	fixation: autoDraw = False
26.2541 	EXP 	grating: autoDraw = True
26.2541 	EXP 	grating: tex = 'sin'
26.5545 	EXP 	grating: autoDraw = False
26.6062 	EXP 	window1: recordFrameIntervals = False
26.6072 	DATA 	Keypress: left
26.6207 	EXP 	fixation: autoDraw = False
26.6207 	EXP 	grating: autoDraw = False
26.6226 	EXP 	window1: recordFrameIntervals = False
27.6046 	EXP 	fixation: autoDraw = True
28.6205 	EXP 	fixation: autoDraw = False
28.6205 	EXP 	grating: autoDraw = True
28.6205 	EXP 	grating: tex = 'sin'
28.9051 	EXP 	window1: recordFrameIntervals = False
28.9059 	DATA 	Keypress: right
28.9203 	EXP 	grating: autoDraw = False
28.9203 	EXP 	fixation: autoDraw = False
28.9203 	EXP 	grating: autoDraw = False
28.9205 	EXP 	window1: recordFrameIntervals = False
29.9053 	EXP 	fixation: autoDraw = True
30.9204 	EXP 	fixation: autoDraw = False
30.9204 	EXP 	grating: autoDraw = True
30.9204 	EXP 	grating: tex = 'sin'
31.2204 	EXP 	grating: autoDraw = False
31.3387 	EXP 	window1: recordFrameIntervals = False
31.3394 	DATA 	Keypress: left
31.3542 	EXP 	fixation: autoDraw = False
31.3542 	EXP 	grating: autoDraw = False
31.3545 	EXP 	window1: recordFrameIntervals = False
32.3373 	EXP 	fixation: autoDraw = True
33.3370 	EXP 	fixation: autoDraw = False
33.3537 	EXP 	grating: autoDraw = True
33.3537 	EXP 	grating: tex = 'sin'
33.6220 	EXP 	window1: recordFrameIntervals = False
33.6228 	DATA 	Keypress: right
33.6369 	EXP 	fixation: autoDraw = False
33.6369 	EXP 	grating: autoDraw = False
33.6371 	EXP 	window1: recordFrameIntervals = False
34.6208 	EXP 	fixation: autoDraw = True
35.6202 	EXP 	fixation: autoDraw = False
35.6369 	EXP 	grating: autoDraw = True
35.6369 	EXP 	grating: tex = 'sin'
35.9369 	EXP 	grating: autoDraw = False
36.0384 	EXP 	window1: recordFrameIntervals = False
36.0392 	DATA 	Keypress: left
36.0535 	EXP 	fixation: autoDraw = False
36.0535 	EXP 	grating: autoDraw = False
36.0537 	EXP 	window1: recordFrameIntervals = False
37.0372 	EXP 	fixation: autoDraw = True
38.0368 	EXP 	fixation: autoDraw = False
38.0537 	EXP 	grating: autoDraw = True
38.0537 	EXP 	grating: tex = 'sin'
38.3537 	EXP 	grating: autoDraw = False
38.4383 	EXP 	window1: recordFrameIntervals = False
38.4391 	DATA 	Keypress: left
38.4535 	EXP 	fixation: autoDraw = False
38.4535 	EXP 	grating: autoDraw = False
38.4536 	EXP 	window1: recordFrameIntervals = False
39.4374 	EXP 	fixation: autoDraw = True
40.4367 	EXP 	fixation: autoDraw = False
40.4367 	EXP 	grating: autoDraw = True
40.4367 	EXP 	grating: tex = 'sin'
40.7368 	EXP 	grating: autoDraw = False
40.7881 	EXP 	window1: recordFrameIntervals = False
40.7888 	DATA 	Keypress: left
40.8036 	EXP 	fixation: autoDraw = False
40.8036 	EXP 	grating: autoDraw = False
40.8038 	EXP 	window1: recordFrameIntervals = False
41.7873 	EXP 	fixation: autoDraw = True
42.7869 	EXP 	fixation: autoDraw = False
42.7869 	EXP 	grating: autoDraw = True
42.7869 	EXP 	grating: tex = 'sin'
43.0867 	EXP 	grating: autoDraw = False
43.1547 	EXP 	window1: recordFrameIntervals = False
43.1555 	DATA 	Keypress: left
43.1701 	EXP 	fixation: autoDraw = False
43.1701 	EXP 	grating: autoDraw = False
43.1702 	EXP 	window1: recordFrameIntervals = False
44.1540 	EXP 	fixation: autoDraw = True
45.1533 	EXP 	fixation: autoDraw = False
45.1533 	EXP 	grating: autoDraw = True
45.1533 	EXP 	grating: tex = 'sin'
45.4535 	EXP 	grating: autoDraw = False
45.5049 	EXP 	window1: recordFrameIntervals = False
45.5056 	DATA 	Keypress: left
45.5201 	EXP 	fixation: autoDraw = False
45.5201 	EXP 	grating: autoDraw = False
45.5203 	EXP 	window1: recordFrameIntervals = False
46.5040 	EXP 	fixation: autoDraw = True
47.5035 	EXP 	fixation: autoDraw = False
47.5199 	EXP 	grating: autoDraw = True
47.5199 	EXP 	grating: tex = 'sin'
47.8200 	EXP 	grating: autoDraw = False
47.8714 	EXP 	window1: recordFrameIntervals = False
47.8721 	DATA 	Keypress: left
47.8865 	EXP 	fixation: autoDraw = False
47.8865 	EXP 	grating: autoDraw = False
47.8867 	EXP 	window1: recordFrameIntervals = False
48.8705 	EXP 	fixation: autoDraw = True
49.8700 	EXP 	fixation: autoDraw = False
49.8700 	EXP 	grating: autoDraw = True
49.8700 	EXP 	grating: tex = 'sin'
50.1701 	EXP 	grating: autoDraw = False
50.2379 	EXP 	window1: recordFrameIntervals = False
50.2386 	DATA 	Keypress: left
50.2533 	EXP 	fixation: autoDraw = False
50.2533 	EXP 	grating: autoDraw = False
50.2535 	EXP 	window1: recordFrameIntervals = False
51.2371 	EXP 	fixation: autoDraw = True
52.2367 	EXP 	fixation: autoDraw = False
52.2367 	EXP 	grating: autoDraw = True
52.2367 	EXP 	grating: tex = 'sin'
52.5367 	EXP 	grating: autoDraw = False
52.7214 	EXP 	window1: recordFrameIntervals = False
52.7221 	DATA 	Keypress: right
52.7365 	EXP 	fixation: autoDraw = False
52.7365 	EXP 	grating: autoDraw = False
52.7367 	EXP 	window1: recordFrameIntervals = False
53.7208 	EXP 	fixation: autoDraw = True
54.7367 	EXP 	fixation: autoDraw = False
54.7367 	EXP 	grating: autoDraw = True
54.7367 	EXP 	grating: tex = 'sin'
55.0368 	EXP 	grating: autoDraw = False
55.1547 	EXP 	window1: recordFrameIntervals = False
55.1555 	DATA 	Keypress: left
55.1700 	EXP 	fixation: autoDraw = False
55.1700 	EXP 	grating: autoDraw = False
55.1702 	EXP 	window1: recordFrameIntervals = False
56.1536 	EXP 	fixation: autoDraw = True
57.1533 	EXP 	fixation: autoDraw = False
57.1703 	EXP 	grating: autoDraw = True
57.1703 	EXP 	grating: tex = 'sin'
57.4697 	EXP 	grating: autoDraw = False
57.7378 	EXP 	window1: recordFrameIntervals = False
57.7385 	DATA 	Keypress: right
57.7533 	EXP 	fixation: autoDraw = False
57.7533 	EXP 	grating: autoDraw = False
57.7534 	EXP 	window1: recordFrameIntervals = False
58.7370 	EXP 	fixation: autoDraw = True
59.7366 	EXP 	fixation: autoDraw = False
59.7532 	EXP 	grating: autoDraw = True
59.7532 	EXP 	grating: tex = 'sin'
60.0532 	EXP 	grating: autoDraw = False
60.0881 	EXP 	window1: recordFrameIntervals = False
60.0889 	DATA 	Keypress: left
60.1033 	EXP 	fixation: autoDraw = False
60.1033 	EXP 	grating: autoDraw = False
60.1034 	EXP 	window1: recordFrameIntervals = False
61.0868 	EXP 	fixation: autoDraw = True
62.0863 	EXP 	fixation: autoDraw = False
62.1032 	EXP 	grating: autoDraw = True
62.1032 	EXP 	grating: tex = 'sin'
62.4032 	EXP 	grating: autoDraw = False
62.5713 	EXP 	window1: recordFrameIntervals = False
62.5721 	DATA 	Keypress: left
62.5865 	EXP 	fixation: autoDraw = False
62.5865 	EXP 	grating: autoDraw = False
62.5867 	EXP 	window1: recordFrameIntervals = False
63.5704 	EXP 	fixation: autoDraw = True
64.5697 	EXP 	fixation: autoDraw = False
64.5697 	EXP 	grating: autoDraw = True
64.5697 	EXP 	grating: tex = 'sin'
64.8698 	EXP 	grating: autoDraw = False
65.0211 	EXP 	window1: recordFrameIntervals = False
65.0218 	DATA 	Keypress: left
65.0364 	EXP 	fixation: autoDraw = False
65.0364 	EXP 	grating: autoDraw = False
65.0366 	EXP 	window1: recordFrameIntervals = False
66.0201 	EXP 	fixation: autoDraw = True
67.0198 	EXP 	fixation: autoDraw = False
67.0198 	EXP 	grating: autoDraw = True
67.0198 	EXP 	grating: tex = 'sin'
67.3196 	EXP 	grating: autoDraw = False
67.3710 	EXP 	window1: recordFrameIntervals = False
67.3718 	DATA 	Keypress: left
67.3865 	EXP 	fixation: autoDraw = False
67.3865 	EXP 	grating: autoDraw = False
67.3867 	EXP 	window1: recordFrameIntervals = False
68.3701 	EXP 	fixation: autoDraw = True
69.3697 	EXP 	fixation: autoDraw = False
69.3697 	EXP 	grating: autoDraw = True
69.3697 	EXP 	grating: tex = 'sin'
69.6697 	EXP 	grating: autoDraw = False
69.7043 	EXP 	window1: recordFrameIntervals = False
69.7050 	DATA 	Keypress: left
69.7195 	EXP 	fixation: autoDraw = False
69.7195 	EXP 	grating: autoDraw = False
69.7197 	EXP 	window1: recordFrameIntervals = False
70.7035 	EXP 	fixation: autoDraw = True
71.7029 	EXP 	fixation: autoDraw = False
71.7029 	EXP 	grating: autoDraw = True
71.7029 	EXP 	grating: tex = 'sin'
72.0031 	EXP 	grating: autoDraw = False
72.0709 	EXP 	window1: recordFrameIntervals = False
72.0716 	DATA 	Keypress: left
72.0861 	EXP 	fixation: autoDraw = False
72.0861 	EXP 	grating: autoDraw = False
72.0863 	EXP 	window1: recordFrameIntervals = False
73.0701 	EXP 	fixation: autoDraw = True
74.0697 	EXP 	fixation: autoDraw = False
74.0697 	EXP 	grating: autoDraw = True
74.0697 	EXP 	grating: tex = 'sin'
74.3695 	EXP 	grating: autoDraw = False
74.4044 	EXP 	window1: recordFrameIntervals = False
74.4052 	DATA 	Keypress: right
74.4196 	EXP 	fixation: autoDraw = False
74.4196 	EXP 	grating: autoDraw = False
74.4198 	EXP 	window1: recordFrameIntervals = False
75.4034 	EXP 	fixation: autoDraw = True
76.4030 	EXP 	fixation: autoDraw = False
76.4194 	EXP 	grating: autoDraw = True
76.4194 	EXP 	grating: tex = 'sin'
76.7195 	EXP 	grating: autoDraw = False
76.7879 	EXP 	window1: recordFrameIntervals = False
76.7886 	DATA 	Keypress: right
76.8027 	EXP 	fixation: autoDraw = False
76.8027 	EXP 	grating: autoDraw = False
76.8029 	EXP 	window1: recordFrameIntervals = False
77.7866 	EXP 	fixation: autoDraw = True
78.7860 	EXP 	fixation: autoDraw = False
78.8028 	EXP 	grating: autoDraw = True
78.8028 	EXP 	grating: tex = 'sin'
79.1029 	EXP 	grating: autoDraw = False
79.2377 	EXP 	window1: recordFrameIntervals = False
79.2385 	DATA 	Keypress: right
79.2528 	EXP 	fixation: autoDraw = False
79.2528 	EXP 	grating: autoDraw = False
79.2530 	EXP 	window1: recordFrameIntervals = False
80.2368 	EXP 	fixation: autoDraw = True
81.2363 	EXP 	fixation: autoDraw = False
81.2527 	EXP 	grating: autoDraw = True
81.2527 	EXP 	grating: tex = 'sin'
81.5530 	EXP 	grating: autoDraw = False
81.7042 	EXP 	window1: recordFrameIntervals = False
81.7049 	DATA 	Keypress: left
81.7196 	EXP 	fixation: autoDraw = False
81.7196 	EXP 	grating: autoDraw = False
81.7214 	EXP 	window1: recordFrameIntervals = False
82.7043 	EXP 	fixation: autoDraw = True
83.7026 	EXP 	grating: autoDraw = True
83.7026 	EXP 	grating: tex = 'sin'
83.7193 	EXP 	fixation: autoDraw = False
84.0026 	EXP 	grating: autoDraw = False
84.0707 	EXP 	window1: recordFrameIntervals = False
84.0714 	DATA 	Keypress: right
84.0860 	EXP 	fixation: autoDraw = False
84.0860 	EXP 	grating: autoDraw = False
84.0861 	EXP 	window1: recordFrameIntervals = False
85.0697 	EXP 	fixation: autoDraw = True
86.0694 	EXP 	fixation: autoDraw = False
86.0694 	EXP 	grating: autoDraw = True
86.0694 	EXP 	grating: tex = 'sin'
86.3696 	EXP 	grating: autoDraw = False
86.4208 	EXP 	window1: recordFrameIntervals = False
86.4215 	DATA 	Keypress: right
86.4359 	EXP 	fixation: autoDraw = False
86.4359 	EXP 	grating: autoDraw = False
86.4360 	EXP 	window1: recordFrameIntervals = False
87.4197 	EXP 	fixation: autoDraw = True
88.4194 	EXP 	fixation: autoDraw = False
88.4361 	EXP 	grating: autoDraw = True
88.4361 	EXP 	grating: tex = 'sin'
88.7361 	EXP 	grating: autoDraw = False
88.8044 	EXP 	window1: recordFrameIntervals = False
88.8052 	DATA 	Keypress: left
88.8191 	EXP 	fixation: autoDraw = False
88.8191 	EXP 	grating: autoDraw = False
88.8193 	EXP 	window1: recordFrameIntervals = False
89.8033 	EXP 	fixation: autoDraw = True
90.8027 	EXP 	fixation: autoDraw = False
90.8192 	EXP 	grating: autoDraw = True
90.8192 	EXP 	grating: tex = 'sin'
91.1194 	EXP 	grating: autoDraw = False
91.3373 	EXP 	window1: recordFrameIntervals = False
91.3380 	DATA 	Keypress: left
91.3525 	EXP 	fixation: autoDraw = False
91.3525 	EXP 	grating: autoDraw = False
91.3526 	EXP 	window1: recordFrameIntervals = False
92.3363 	EXP 	fixation: autoDraw = True
93.3359 	EXP 	fixation: autoDraw = False
93.3526 	EXP 	grating: autoDraw = True
93.3526 	EXP 	grating: tex = 'sin'
93.6527 	EXP 	grating: autoDraw = False
93.7042 	EXP 	window1: recordFrameIntervals = False
93.7049 	DATA 	Keypress: right
93.7191 	EXP 	fixation: autoDraw = False
93.7191 	EXP 	grating: autoDraw = False
93.7192 	EXP 	window1: recordFrameIntervals = False
94.7031 	EXP 	fixation: autoDraw = True
95.7026 	EXP 	fixation: autoDraw = False
95.7193 	EXP 	grating: autoDraw = True
95.7193 	EXP 	grating: tex = 'sin'
96.0190 	EXP 	grating: autoDraw = False
96.1540 	EXP 	window1: recordFrameIntervals = False
96.1548 	DATA 	Keypress: right
96.1692 	EXP 	fixation: autoDraw = False
96.1692 	EXP 	grating: autoDraw = False
96.1693 	EXP 	window1: recordFrameIntervals = False
97.1530 	EXP 	fixation: autoDraw = True
98.1530 	EXP 	fixation: autoDraw = False
98.1530 	EXP 	grating: autoDraw = True
98.1530 	EXP 	grating: tex = 'sin'
98.4525 	EXP 	grating: autoDraw = False
98.6705 	EXP 	window1: recordFrameIntervals = False
98.6712 	DATA 	Keypress: right
98.6859 	EXP 	fixation: autoDraw = False
98.6859 	EXP 	grating: autoDraw = False
98.6861 	EXP 	window1: recordFrameIntervals = False
99.6696 	EXP 	fixation: autoDraw = True
100.6692 	EXP 	fixation: autoDraw = False
100.6859 	EXP 	grating: autoDraw = True
100.6859 	EXP 	grating: tex = 'sin'
100.9856 	EXP 	grating: autoDraw = False
101.0540 	EXP 	window1: recordFrameIntervals = False
101.0548 	DATA 	Keypress: left
101.0690 	EXP 	fixation: autoDraw = False
101.0690 	EXP 	grating: autoDraw = False
101.0691 	EXP 	window1: recordFrameIntervals = False
102.0530 	EXP 	fixation: autoDraw = True
103.0525 	EXP 	fixation: autoDraw = False
103.0692 	EXP 	grating: autoDraw = True
103.0692 	EXP 	grating: tex = 'sin'
103.3692 	EXP 	grating: autoDraw = False
103.5202 	EXP 	window1: recordFrameIntervals = False
103.5209 	DATA 	Keypress: left
103.5357 	EXP 	fixation: autoDraw = False
103.5357 	EXP 	grating: autoDraw = False
103.5359 	EXP 	window1: recordFrameIntervals = False
104.5194 	EXP 	fixation: autoDraw = True
105.5189 	EXP 	fixation: autoDraw = False
105.5189 	EXP 	grating: autoDraw = True
105.5189 	EXP 	grating: tex = 'sin'
105.8191 	EXP 	grating: autoDraw = False
105.9538 	EXP 	window1: recordFrameIntervals = False
105.9546 	DATA 	Keypress: left
105.9692 	EXP 	fixation: autoDraw = False
105.9692 	EXP 	grating: autoDraw = False
105.9694 	EXP 	window1: recordFrameIntervals = False
106.9527 	EXP 	fixation: autoDraw = True
107.9522 	EXP 	fixation: autoDraw = False
107.9688 	EXP 	grating: autoDraw = True
107.9688 	EXP 	grating: tex = 'sin'
108.2688 	EXP 	grating: autoDraw = False
108.3538 	EXP 	window1: recordFrameIntervals = False
108.3545 	DATA 	Keypress: right
108.3688 	EXP 	fixation: autoDraw = False
108.3688 	EXP 	grating: autoDraw = False
108.3690 	EXP 	window1: recordFrameIntervals = False
109.3528 	EXP 	fixation: autoDraw = True
110.3527 	EXP 	fixation: autoDraw = False
110.3694 	EXP 	grating: autoDraw = True
110.3694 	EXP 	grating: tex = 'sin'
110.6688 	EXP 	grating: autoDraw = False
110.8369 	EXP 	window1: recordFrameIntervals = False
110.8376 	DATA 	Keypress: left
110.8522 	EXP 	fixation: autoDraw = False
110.8522 	EXP 	grating: autoDraw = False
110.8523 	EXP 	window1: recordFrameIntervals = False
111.8359 	EXP 	fixation: autoDraw = True
112.8356 	EXP 	fixation: autoDraw = False
112.8356 	EXP 	grating: autoDraw = True
112.8356 	EXP 	grating: tex = 'sin'
113.1354 	EXP 	grating: autoDraw = False
113.3205 	EXP 	window1: recordFrameIntervals = False
113.3212 	DATA 	Keypress: left
113.3356 	EXP 	fixation: autoDraw = False
113.3356 	EXP 	grating: autoDraw = False
113.3358 	EXP 	window1: recordFrameIntervals = False
114.3192 	EXP 	fixation: autoDraw = True
115.3188 	EXP 	fixation: autoDraw = False
115.3354 	EXP 	grating: autoDraw = True
115.3354 	EXP 	grating: tex = 'sin'
115.6353 	EXP 	grating: autoDraw = False
115.7370 	EXP 	window1: recordFrameIntervals = False
115.7377 	DATA 	Keypress: right
115.7523 	EXP 	fixation: autoDraw = False
115.7523 	EXP 	grating: autoDraw = False
115.7525 	EXP 	window1: recordFrameIntervals = False
116.7360 	EXP 	fixation: autoDraw = True
117.7356 	EXP 	fixation: autoDraw = False
117.7521 	EXP 	grating: autoDraw = True
117.7521 	EXP 	grating: tex = 'sin'
118.0523 	EXP 	grating: autoDraw = False
118.1872 	EXP 	window1: recordFrameIntervals = False
118.1880 	DATA 	Keypress: right
118.2020 	EXP 	fixation: autoDraw = False
118.2020 	EXP 	grating: autoDraw = False
118.2022 	EXP 	window1: recordFrameIntervals = False
119.1857 	EXP 	fixation: autoDraw = True
120.1853 	EXP 	fixation: autoDraw = False
120.2023 	EXP 	grating: autoDraw = True
120.2023 	EXP 	grating: tex = 'sin'
120.5020 	EXP 	grating: autoDraw = False
120.6701 	EXP 	window1: recordFrameIntervals = False
120.6708 	DATA 	Keypress: right
120.6855 	EXP 	fixation: autoDraw = False
120.6855 	EXP 	grating: autoDraw = False
120.6857 	EXP 	window1: recordFrameIntervals = False
121.6690 	EXP 	fixation: autoDraw = True
122.6688 	EXP 	fixation: autoDraw = False
122.6855 	EXP 	grating: autoDraw = True
122.6855 	EXP 	grating: tex = 'sin'
122.9852 	EXP 	grating: autoDraw = False
123.1369 	EXP 	window1: recordFrameIntervals = False
123.1376 	DATA 	Keypress: right
123.1521 	EXP 	fixation: autoDraw = False
123.1521 	EXP 	grating: autoDraw = False
123.1522 	EXP 	window1: recordFrameIntervals = False
124.1359 	EXP 	fixation: autoDraw = True
125.1354 	EXP 	fixation: autoDraw = False
125.1354 	EXP 	grating: autoDraw = True
125.1354 	EXP 	grating: tex = 'sin'
125.4352 	EXP 	grating: autoDraw = False
125.5370 	EXP 	window1: recordFrameIntervals = False
125.5377 	DATA 	Keypress: left
125.5518 	EXP 	fixation: autoDraw = False
125.5518 	EXP 	grating: autoDraw = False
125.5520 	EXP 	window1: recordFrameIntervals = False
126.5358 	EXP 	fixation: autoDraw = True
127.5354 	EXP 	fixation: autoDraw = False
127.5519 	EXP 	grating: autoDraw = True
127.5519 	EXP 	grating: tex = 'sin'
127.8521 	EXP 	grating: autoDraw = False
127.9702 	EXP 	window1: recordFrameIntervals = False
127.9710 	DATA 	Keypress: left
127.9854 	EXP 	fixation: autoDraw = False
127.9854 	EXP 	grating: autoDraw = False
127.9856 	EXP 	window1: recordFrameIntervals = False
128.9694 	EXP 	fixation: autoDraw = True
129.9687 	EXP 	fixation: autoDraw = False
129.9852 	EXP 	grating: autoDraw = True
129.9852 	EXP 	grating: tex = 'sin'
130.2852 	EXP 	grating: autoDraw = False
130.4202 	EXP 	window1: recordFrameIntervals = False
130.4209 	DATA 	Keypress: left
130.4352 	EXP 	fixation: autoDraw = False
130.4352 	EXP 	grating: autoDraw = False
130.4353 	EXP 	window1: recordFrameIntervals = False
131.4191 	EXP 	fixation: autoDraw = True
132.4185 	EXP 	fixation: autoDraw = False
132.4353 	EXP 	grating: autoDraw = True
132.4353 	EXP 	grating: tex = 'sin'
132.7353 	EXP 	grating: autoDraw = False
132.9031 	EXP 	window1: recordFrameIntervals = False
132.9038 	DATA 	Keypress: left
132.9186 	EXP 	fixation: autoDraw = False
132.9186 	EXP 	grating: autoDraw = False
132.9187 	EXP 	window1: recordFrameIntervals = False
133.9024 	EXP 	fixation: autoDraw = True
134.9019 	EXP 	fixation: autoDraw = False
134.9019 	EXP 	grating: autoDraw = True
134.9019 	EXP 	grating: tex = 'sin'
135.2017 	EXP 	grating: autoDraw = False
135.2791 	EXP 	window1: recordFrameIntervals = False
135.2798 	DATA 	Keypress: right
135.2852 	EXP 	fixation: autoDraw = False
135.2852 	EXP 	grating: autoDraw = False
135.2854 	EXP 	window1: recordFrameIntervals = False
136.2858 	EXP 	fixation: autoDraw = True
137.2850 	EXP 	fixation: autoDraw = False
137.2850 	EXP 	grating: autoDraw = True
137.2850 	EXP 	grating: tex = 'sin'
137.5850 	EXP 	grating: autoDraw = False
137.6863 	EXP 	window1: recordFrameIntervals = False
137.6871 	DATA 	Keypress: right
137.7017 	EXP 	fixation: autoDraw = False
137.7017 	EXP 	grating: autoDraw = False
137.7019 	EXP 	window1: recordFrameIntervals = False
138.6852 	EXP 	fixation: autoDraw = True
139.6852 	EXP 	fixation: autoDraw = False
139.6852 	EXP 	grating: autoDraw = True
139.6852 	EXP 	grating: tex = 'sin'
139.9853 	EXP 	grating: autoDraw = False
140.0536 	EXP 	window1: recordFrameIntervals = False
140.0543 	DATA 	Keypress: right
140.0686 	EXP 	fixation: autoDraw = False
140.0686 	EXP 	grating: autoDraw = False
140.0687 	EXP 	window1: recordFrameIntervals = False
141.0523 	EXP 	fixation: autoDraw = True
142.0516 	EXP 	fixation: autoDraw = False
142.0685 	EXP 	grating: autoDraw = True
142.0685 	EXP 	grating: tex = 'sin'
142.3685 	EXP 	grating: autoDraw = False
142.6030 	EXP 	window1: recordFrameIntervals = False
142.6037 	DATA 	Keypress: left
142.6183 	EXP 	fixation: autoDraw = False
142.6183 	EXP 	grating: autoDraw = False
142.6185 	EXP 	window1: recordFrameIntervals = False
143.6022 	EXP 	fixation: autoDraw = True
144.6016 	EXP 	fixation: autoDraw = False
144.6016 	EXP 	grating: autoDraw = True
144.6016 	EXP 	grating: tex = 'sin'
144.9018 	EXP 	grating: autoDraw = False
145.1366 	EXP 	window1: recordFrameIntervals = False
145.1373 	DATA 	Keypress: left
145.1516 	EXP 	fixation: autoDraw = False
145.1516 	EXP 	grating: autoDraw = False
145.1517 	EXP 	window1: recordFrameIntervals = False
146.1356 	EXP 	fixation: autoDraw = True
147.1350 	EXP 	fixation: autoDraw = False
147.1515 	EXP 	grating: autoDraw = True
147.1515 	EXP 	grating: tex = 'sin'
147.4516 	EXP 	grating: autoDraw = False
147.6195 	EXP 	window1: recordFrameIntervals = False
147.6203 	DATA 	Keypress: left
147.6348 	EXP 	fixation: autoDraw = False
147.6348 	EXP 	grating: autoDraw = False
147.6350 	EXP 	window1: recordFrameIntervals = False
148.6187 	EXP 	fixation: autoDraw = True
149.6182 	EXP 	fixation: autoDraw = False
149.6182 	EXP 	grating: autoDraw = True
149.6182 	EXP 	grating: tex = 'sin'
149.9181 	EXP 	grating: autoDraw = False
150.0864 	EXP 	window1: recordFrameIntervals = False
150.0871 	DATA 	Keypress: left
150.1015 	EXP 	fixation: autoDraw = False
150.1015 	EXP 	grating: autoDraw = False
150.1017 	EXP 	window1: recordFrameIntervals = False
151.0854 	EXP 	fixation: autoDraw = True
152.0848 	EXP 	fixation: autoDraw = False
152.1016 	EXP 	grating: autoDraw = True
152.1016 	EXP 	grating: tex = 'sin'
152.4021 	EXP 	grating: autoDraw = False
152.5361 	EXP 	window1: recordFrameIntervals = False
152.5368 	DATA 	Keypress: right
152.5517 	EXP 	fixation: autoDraw = False
152.5517 	EXP 	grating: autoDraw = False
152.5519 	EXP 	window1: recordFrameIntervals = False
153.5352 	EXP 	fixation: autoDraw = True
154.5348 	EXP 	fixation: autoDraw = False
154.5348 	EXP 	grating: autoDraw = True
154.5348 	EXP 	grating: tex = 'sin'
154.8347 	EXP 	grating: autoDraw = False
154.9698 	EXP 	window1: recordFrameIntervals = False
154.9706 	DATA 	Keypress: right
154.9847 	EXP 	fixation: autoDraw = False
154.9847 	EXP 	grating: autoDraw = False
154.9849 	EXP 	window1: recordFrameIntervals = False
155.9686 	EXP 	fixation: autoDraw = True
156.9684 	EXP 	fixation: autoDraw = False
156.9684 	EXP 	grating: autoDraw = True
156.9684 	EXP 	grating: tex = 'sin'
157.2680 	EXP 	grating: autoDraw = False
157.5196 	EXP 	window1: recordFrameIntervals = False
157.5203 	DATA 	Keypress: right
157.5349 	EXP 	fixation: autoDraw = False
157.5349 	EXP 	grating: autoDraw = False
157.5350 	EXP 	window1: recordFrameIntervals = False
158.5186 	EXP 	fixation: autoDraw = True
159.5180 	EXP 	fixation: autoDraw = False
159.5348 	EXP 	grating: autoDraw = True
159.5348 	EXP 	grating: tex = 'sin'
159.8349 	EXP 	grating: autoDraw = False
160.0363 	EXP 	window1: recordFrameIntervals = False
160.0371 	DATA 	Keypress: left
160.0514 	EXP 	fixation: autoDraw = False
160.0514 	EXP 	grating: autoDraw = False
160.0515 	EXP 	window1: recordFrameIntervals = False
161.0351 	EXP 	fixation: autoDraw = True
162.0350 	EXP 	fixation: autoDraw = False
162.0516 	EXP 	grating: autoDraw = True
162.0516 	EXP 	grating: tex = 'sin'
162.3514 	EXP 	grating: autoDraw = False
162.4692 	EXP 	window1: recordFrameIntervals = False
162.4699 	DATA 	Keypress: right
162.4848 	EXP 	fixation: autoDraw = False
162.4848 	EXP 	grating: autoDraw = False
162.4850 	EXP 	window1: recordFrameIntervals = False
163.4685 	EXP 	fixation: autoDraw = True
164.4681 	EXP 	fixation: autoDraw = False
164.4681 	EXP 	grating: autoDraw = True
164.4681 	EXP 	grating: tex = 'sin'
164.7681 	EXP 	grating: autoDraw = False
164.9694 	EXP 	window1: recordFrameIntervals = False
164.9702 	DATA 	Keypress: right
164.9845 	EXP 	fixation: autoDraw = False
164.9845 	EXP 	grating: autoDraw = False
164.9847 	EXP 	window1: recordFrameIntervals = False
165.9683 	EXP 	fixation: autoDraw = True
166.9680 	EXP 	fixation: autoDraw = False
166.9844 	EXP 	grating: autoDraw = True
166.9844 	EXP 	grating: tex = 'sin'
167.2845 	EXP 	grating: autoDraw = False
167.4704 	EXP 	window1: recordFrameIntervals = False
167.4712 	DATA 	Keypress: right
167.4847 	EXP 	fixation: autoDraw = False
167.4847 	EXP 	grating: autoDraw = False
167.4849 	EXP 	window1: recordFrameIntervals = False
168.4684 	EXP 	fixation: autoDraw = True
169.4680 	EXP 	fixation: autoDraw = False
169.4844 	EXP 	grating: autoDraw = True
169.4844 	EXP 	grating: tex = 'sin'
169.7851 	EXP 	grating: autoDraw = False
170.0360 	EXP 	window1: recordFrameIntervals = False
170.0368 	DATA 	Keypress: left
170.0511 	EXP 	fixation: autoDraw = False
170.0511 	EXP 	grating: autoDraw = False
170.0513 	EXP 	window1: recordFrameIntervals = False
171.0349 	EXP 	fixation: autoDraw = True
172.0346 	EXP 	fixation: autoDraw = False
172.0513 	EXP 	grating: autoDraw = True
172.0513 	EXP 	grating: tex = 'sin'
172.3513 	EXP 	grating: autoDraw = False
172.7195 	EXP 	window1: recordFrameIntervals = False
172.7203 	DATA 	Keypress: right
172.7344 	EXP 	fixation: autoDraw = False
172.7344 	EXP 	grating: autoDraw = False
172.7345 	EXP 	window1: recordFrameIntervals = False
173.7184 	EXP 	fixation: autoDraw = True
174.7177 	EXP 	fixation: autoDraw = False
174.7345 	EXP 	grating: autoDraw = True
174.7345 	EXP 	grating: tex = 'sin'
175.0345 	EXP 	grating: autoDraw = False
175.1025 	EXP 	window1: recordFrameIntervals = False
175.1033 	DATA 	Keypress: left
175.1179 	EXP 	fixation: autoDraw = False
175.1179 	EXP 	grating: autoDraw = False
175.1180 	EXP 	window1: recordFrameIntervals = False
176.1014 	EXP 	fixation: autoDraw = True
177.1009 	EXP 	fixation: autoDraw = False
177.1009 	EXP 	grating: autoDraw = True
177.1009 	EXP 	grating: tex = 'sin'
177.4010 	EXP 	grating: autoDraw = False
177.5859 	EXP 	window1: recordFrameIntervals = False
177.5866 	DATA 	Keypress: right
177.6012 	EXP 	fixation: autoDraw = False
177.6012 	EXP 	grating: autoDraw = False
177.6014 	EXP 	window1: recordFrameIntervals = False
178.5846 	EXP 	fixation: autoDraw = True
179.5844 	EXP 	fixation: autoDraw = False
179.6009 	EXP 	grating: autoDraw = True
179.6009 	EXP 	grating: tex = 'sin'
179.9008 	EXP 	grating: autoDraw = False
180.0027 	EXP 	window1: recordFrameIntervals = False
180.0034 	DATA 	Keypress: left
180.0176 	EXP 	fixation: autoDraw = False
180.0176 	EXP 	grating: autoDraw = False
180.0177 	EXP 	window1: recordFrameIntervals = False
181.0016 	EXP 	fixation: autoDraw = True
182.0011 	EXP 	fixation: autoDraw = False
182.0175 	EXP 	grating: autoDraw = True
182.0175 	EXP 	grating: tex = 'sin'
182.3178 	EXP 	grating: autoDraw = False
182.9692 	EXP 	window1: recordFrameIntervals = False
182.9700 	DATA 	Keypress: left
182.9841 	EXP 	fixation: autoDraw = False
182.9841 	EXP 	grating: autoDraw = False
182.9843 	EXP 	window1: recordFrameIntervals = False
183.9681 	EXP 	fixation: autoDraw = True
184.9677 	EXP 	fixation: autoDraw = False
184.9844 	EXP 	grating: autoDraw = True
184.9844 	EXP 	grating: tex = 'sin'
185.2844 	EXP 	grating: autoDraw = False
185.5689 	EXP 	window1: recordFrameIntervals = False
185.5696 	DATA 	Keypress: left
185.5844 	EXP 	fixation: autoDraw = False
185.5844 	EXP 	grating: autoDraw = False
185.5846 	EXP 	window1: recordFrameIntervals = False
186.5680 	EXP 	fixation: autoDraw = True
187.5679 	EXP 	fixation: autoDraw = False
187.5679 	EXP 	grating: autoDraw = True
187.5679 	EXP 	grating: tex = 'sin'
187.8682 	EXP 	grating: autoDraw = False
188.1690 	EXP 	window1: recordFrameIntervals = False
188.1706 	DATA 	Keypress: left
188.1842 	EXP 	fixation: autoDraw = False
188.1842 	EXP 	grating: autoDraw = False
188.1843 	EXP 	window1: recordFrameIntervals = False
189.1680 	EXP 	fixation: autoDraw = True
190.1678 	EXP 	fixation: autoDraw = False
190.1678 	EXP 	grating: autoDraw = True
190.1678 	EXP 	grating: tex = 'sin'
190.4678 	EXP 	grating: autoDraw = False
190.7255 	EXP 	window1: recordFrameIntervals = False
190.7283 	DATA 	Keypress: left
190.7355 	EXP 	fixation: autoDraw = False
190.7355 	EXP 	grating: autoDraw = False
190.7358 	EXP 	window1: recordFrameIntervals = False
191.7347 	EXP 	fixation: autoDraw = True
192.7345 	EXP 	fixation: autoDraw = False
192.7345 	EXP 	grating: autoDraw = True
192.7345 	EXP 	grating: tex = 'sin'
193.0343 	EXP 	grating: autoDraw = False
193.1690 	EXP 	window1: recordFrameIntervals = False
193.1697 	DATA 	Keypress: left
193.1843 	EXP 	fixation: autoDraw = False
193.1843 	EXP 	grating: autoDraw = False
193.1844 	EXP 	window1: recordFrameIntervals = False
194.1679 	EXP 	fixation: autoDraw = True
195.1675 	EXP 	fixation: autoDraw = False
195.1841 	EXP 	grating: autoDraw = True
195.1841 	EXP 	grating: tex = 'sin'
195.4842 	EXP 	grating: autoDraw = False
195.7523 	EXP 	window1: recordFrameIntervals = False
195.7530 	DATA 	Keypress: left
195.7672 	EXP 	fixation: autoDraw = False
195.7672 	EXP 	grating: autoDraw = False
195.7674 	EXP 	window1: recordFrameIntervals = False
196.7510 	EXP 	fixation: autoDraw = True
197.7508 	EXP 	fixation: autoDraw = False
197.7674 	EXP 	grating: autoDraw = True
197.7674 	EXP 	grating: tex = 'sin'
198.0672 	EXP 	grating: autoDraw = False
198.5019 	EXP 	window1: recordFrameIntervals = False
198.5026 	DATA 	Keypress: left
198.5173 	EXP 	fixation: autoDraw = False
198.5173 	EXP 	grating: autoDraw = False
198.5175 	EXP 	window1: recordFrameIntervals = False
199.5011 	EXP 	fixation: autoDraw = True
200.5006 	EXP 	fixation: autoDraw = False
200.5006 	EXP 	grating: autoDraw = True
200.5006 	EXP 	grating: tex = 'sin'
200.8008 	EXP 	grating: autoDraw = False
201.2528 	DATA 	Keypress: left
201.2686 	EXP 	window1: recordFrameIntervals = False
201.2840 	EXP 	fixation: autoDraw = False
201.2840 	EXP 	grating: autoDraw = False
201.2842 	EXP 	window1: recordFrameIntervals = False
202.2676 	EXP 	fixation: autoDraw = True
203.2671 	EXP 	fixation: autoDraw = False
203.2671 	EXP 	grating: autoDraw = True
203.2671 	EXP 	grating: tex = 'sin'
203.5674 	EXP 	grating: autoDraw = False
203.8355 	EXP 	window1: recordFrameIntervals = False
203.8364 	DATA 	Keypress: left
203.8507 	EXP 	fixation: autoDraw = False
203.8507 	EXP 	grating: autoDraw = False
203.8509 	EXP 	window1: recordFrameIntervals = False
204.8345 	EXP 	fixation: autoDraw = True
205.8338 	EXP 	fixation: autoDraw = False
205.8507 	EXP 	grating: autoDraw = True
205.8507 	EXP 	grating: tex = 'sin'
206.1506 	EXP 	grating: autoDraw = False
206.4356 	EXP 	window1: recordFrameIntervals = False
206.4364 	DATA 	Keypress: right
206.4504 	EXP 	fixation: autoDraw = False
206.4504 	EXP 	grating: autoDraw = False
206.4506 	EXP 	window1: recordFrameIntervals = False
207.4345 	EXP 	fixation: autoDraw = True
208.4338 	EXP 	fixation: autoDraw = False
208.4507 	EXP 	grating: autoDraw = True
208.4507 	EXP 	grating: tex = 'sin'
208.7506 	EXP 	grating: autoDraw = False
209.0356 	EXP 	window1: recordFrameIntervals = False
209.0364 	DATA 	Keypress: left
209.0506 	EXP 	fixation: autoDraw = False
209.0506 	EXP 	grating: autoDraw = False
209.0508 	EXP 	window1: recordFrameIntervals = False
210.0345 	EXP 	fixation: autoDraw = True
211.0339 	EXP 	fixation: autoDraw = False
211.0504 	EXP 	grating: autoDraw = True
211.0504 	EXP 	grating: tex = 'sin'
211.3507 	EXP 	grating: autoDraw = False
211.4689 	EXP 	window1: recordFrameIntervals = False
211.4697 	DATA 	Keypress: right
211.4840 	EXP 	fixation: autoDraw = False
211.4840 	EXP 	grating: autoDraw = False
211.4842 	EXP 	window1: recordFrameIntervals = False
212.4683 	EXP 	fixation: autoDraw = True
213.4837 	EXP 	fixation: autoDraw = False
213.4837 	EXP 	grating: autoDraw = True
213.4837 	EXP 	grating: tex = 'sin'
213.7838 	EXP 	grating: autoDraw = False
214.1354 	EXP 	window1: recordFrameIntervals = False
214.1361 	DATA 	Keypress: right
214.1504 	EXP 	fixation: autoDraw = False
214.1504 	EXP 	grating: autoDraw = False
214.1505 	EXP 	window1: recordFrameIntervals = False
215.1342 	EXP 	fixation: autoDraw = True
216.1337 	EXP 	fixation: autoDraw = False
216.1502 	EXP 	grating: autoDraw = True
216.1502 	EXP 	grating: tex = 'sin'
216.4504 	EXP 	grating: autoDraw = False
216.5852 	EXP 	window1: recordFrameIntervals = False
216.5860 	DATA 	Keypress: left
216.6003 	EXP 	fixation: autoDraw = False
216.6003 	EXP 	grating: autoDraw = False
216.6004 	EXP 	window1: recordFrameIntervals = False
217.5842 	EXP 	fixation: autoDraw = True
218.5836 	EXP 	fixation: autoDraw = False
218.6004 	EXP 	grating: autoDraw = True
218.6004 	EXP 	grating: tex = 'sin'
218.9002 	EXP 	grating: autoDraw = False
219.0519 	EXP 	window1: recordFrameIntervals = False
219.0526 	DATA 	Keypress: left
219.0670 	EXP 	fixation: autoDraw = False
219.0670 	EXP 	grating: autoDraw = False
219.0672 	EXP 	window1: recordFrameIntervals = False
220.0508 	EXP 	fixation: autoDraw = True
221.0502 	EXP 	fixation: autoDraw = False
221.0669 	EXP 	grating: autoDraw = True
221.0669 	EXP 	grating: tex = 'sin'
221.3670 	EXP 	grating: autoDraw = False
221.5351 	EXP 	window1: recordFrameIntervals = False
221.5359 	DATA 	Keypress: left
221.5504 	EXP 	fixation: autoDraw = False
221.5504 	EXP 	grating: autoDraw = False
221.5506 	EXP 	window1: recordFrameIntervals = False
222.5341 	EXP 	fixation: autoDraw = True
223.5337 	EXP 	fixation: autoDraw = False
223.5501 	EXP 	grating: autoDraw = True
223.5501 	EXP 	grating: tex = 'sin'
223.8501 	EXP 	grating: autoDraw = False
223.9684 	EXP 	window1: recordFrameIntervals = False
223.9691 	DATA 	Keypress: left
223.9835 	EXP 	fixation: autoDraw = False
223.9835 	EXP 	grating: autoDraw = False
223.9837 	EXP 	window1: recordFrameIntervals = False
224.9674 	EXP 	fixation: autoDraw = True
225.9670 	EXP 	fixation: autoDraw = False
225.9670 	EXP 	grating: autoDraw = True
225.9670 	EXP 	grating: tex = 'sin'
226.2670 	EXP 	grating: autoDraw = False
226.5348 	EXP 	window1: recordFrameIntervals = False
226.5355 	DATA 	Keypress: left
226.5501 	EXP 	fixation: autoDraw = False
226.5501 	EXP 	grating: autoDraw = False
226.5503 	EXP 	window1: recordFrameIntervals = False
227.5341 	EXP 	fixation: autoDraw = True
228.5336 	EXP 	fixation: autoDraw = False
228.5336 	EXP 	grating: autoDraw = True
228.5336 	EXP 	grating: tex = 'sin'
228.8333 	EXP 	grating: autoDraw = False
229.4180 	EXP 	window1: recordFrameIntervals = False
229.4188 	DATA 	Keypress: right
229.4335 	EXP 	fixation: autoDraw = False
229.4335 	EXP 	grating: autoDraw = False
229.4337 	EXP 	window1: recordFrameIntervals = False
230.4170 	EXP 	fixation: autoDraw = True
231.4167 	EXP 	fixation: autoDraw = False
231.4167 	EXP 	grating: autoDraw = True
231.4167 	EXP 	grating: tex = 'sin'
231.7169 	EXP 	grating: autoDraw = False
231.8850 	EXP 	window1: recordFrameIntervals = False
231.8857 	DATA 	Keypress: right
231.9001 	EXP 	fixation: autoDraw = False
231.9001 	EXP 	grating: autoDraw = False
231.9003 	EXP 	window1: recordFrameIntervals = False
232.8840 	EXP 	fixation: autoDraw = True
233.8834 	EXP 	fixation: autoDraw = False
233.8834 	EXP 	grating: autoDraw = True
233.8834 	EXP 	grating: tex = 'sin'
234.1835 	EXP 	grating: autoDraw = False
234.4349 	EXP 	window1: recordFrameIntervals = False
234.4356 	DATA 	Keypress: right
234.4502 	EXP 	fixation: autoDraw = False
234.4502 	EXP 	grating: autoDraw = False
234.4504 	EXP 	window1: recordFrameIntervals = False
235.4338 	EXP 	fixation: autoDraw = True
236.4333 	EXP 	fixation: autoDraw = False
236.4333 	EXP 	grating: autoDraw = True
236.4333 	EXP 	grating: tex = 'sin'
236.7333 	EXP 	grating: autoDraw = False
242.2014 	EXP 	window1: recordFrameIntervals = False
242.2022 	DATA 	Keypress: left
242.2166 	EXP 	fixation: autoDraw = False
242.2166 	EXP 	grating: autoDraw = False
242.2167 	EXP 	window1: recordFrameIntervals = False
243.2006 	EXP 	fixation: autoDraw = True
244.2000 	EXP 	fixation: autoDraw = False
244.2166 	EXP 	grating: autoDraw = True
244.2166 	EXP 	grating: tex = 'sin'
244.5167 	EXP 	grating: autoDraw = False
244.7516 	EXP 	window1: recordFrameIntervals = False
244.7523 	DATA 	Keypress: right
244.7664 	EXP 	fixation: autoDraw = False
244.7664 	EXP 	grating: autoDraw = False
244.7666 	EXP 	window1: recordFrameIntervals = False
245.7503 	EXP 	fixation: autoDraw = True
246.7499 	EXP 	fixation: autoDraw = False
246.7666 	EXP 	grating: autoDraw = True
246.7666 	EXP 	grating: tex = 'sin'
247.0666 	EXP 	grating: autoDraw = False
247.2512 	EXP 	window1: recordFrameIntervals = False
247.2520 	DATA 	Keypress: right
247.2666 	EXP 	fixation: autoDraw = False
247.2666 	EXP 	grating: autoDraw = False
247.2668 	EXP 	window1: recordFrameIntervals = False
248.2502 	EXP 	fixation: autoDraw = True
249.2497 	EXP 	fixation: autoDraw = False
249.2497 	EXP 	grating: autoDraw = True
249.2497 	EXP 	grating: tex = 'sin'
249.5496 	EXP 	grating: autoDraw = False
249.7843 	EXP 	window1: recordFrameIntervals = False
249.7851 	DATA 	Keypress: left
249.7998 	EXP 	fixation: autoDraw = False
249.7998 	EXP 	grating: autoDraw = False
249.8000 	EXP 	window1: recordFrameIntervals = False
250.7836 	EXP 	fixation: autoDraw = True
251.7836 	EXP 	fixation: autoDraw = False
251.7836 	EXP 	grating: autoDraw = True
251.7836 	EXP 	grating: tex = 'sin'
252.0832 	EXP 	grating: autoDraw = False
252.2346 	EXP 	window1: recordFrameIntervals = False
252.2354 	DATA 	Keypress: right
252.2499 	EXP 	fixation: autoDraw = False
252.2499 	EXP 	grating: autoDraw = False
252.2501 	EXP 	window1: recordFrameIntervals = False
253.2333 	EXP 	fixation: autoDraw = True
254.2331 	EXP 	fixation: autoDraw = False
254.2498 	EXP 	grating: autoDraw = True
254.2498 	EXP 	grating: tex = 'sin'
254.5495 	EXP 	grating: autoDraw = False
254.7013 	EXP 	window1: recordFrameIntervals = False
254.7021 	DATA 	Keypress: right
254.7163 	EXP 	fixation: autoDraw = False
254.7163 	EXP 	grating: autoDraw = False
254.7164 	EXP 	window1: recordFrameIntervals = False
255.7001 	EXP 	fixation: autoDraw = True
256.6995 	EXP 	fixation: autoDraw = False
256.7164 	EXP 	grating: autoDraw = True
256.7164 	EXP 	grating: tex = 'sin'
257.0163 	EXP 	grating: autoDraw = False
257.2013 	EXP 	window1: recordFrameIntervals = False
257.2021 	DATA 	Keypress: left
257.2162 	EXP 	fixation: autoDraw = False
257.2162 	EXP 	grating: autoDraw = False
257.2164 	EXP 	window1: recordFrameIntervals = False
258.2000 	EXP 	fixation: autoDraw = True
259.1997 	EXP 	fixation: autoDraw = False
259.2165 	EXP 	grating: autoDraw = True
259.2165 	EXP 	grating: tex = 'sin'
259.5164 	EXP 	grating: autoDraw = False
259.7010 	EXP 	window1: recordFrameIntervals = False
259.7017 	DATA 	Keypress: left
259.7162 	EXP 	fixation: autoDraw = False
259.7162 	EXP 	grating: autoDraw = False
259.7164 	EXP 	window1: recordFrameIntervals = False
260.7001 	EXP 	fixation: autoDraw = True
261.6997 	EXP 	fixation: autoDraw = False
261.6997 	EXP 	grating: autoDraw = True
261.6997 	EXP 	grating: tex = 'sin'
261.9997 	EXP 	grating: autoDraw = False
262.2510 	EXP 	window1: recordFrameIntervals = False
262.2518 	DATA 	Keypress: right
262.2663 	EXP 	fixation: autoDraw = False
262.2663 	EXP 	grating: autoDraw = False
262.2665 	EXP 	window1: recordFrameIntervals = False
263.2499 	EXP 	fixation: autoDraw = True
264.2495 	EXP 	fixation: autoDraw = False
264.2663 	EXP 	grating: autoDraw = True
264.2663 	EXP 	grating: tex = 'sin'
264.5662 	EXP 	grating: autoDraw = False
264.6179 	EXP 	window1: recordFrameIntervals = False
264.6186 	DATA 	Keypress: left
264.6334 	EXP 	fixation: autoDraw = False
264.6334 	EXP 	grating: autoDraw = False
264.6336 	EXP 	window1: recordFrameIntervals = False
265.6166 	EXP 	fixation: autoDraw = True
266.6163 	EXP 	fixation: autoDraw = False
266.6327 	EXP 	grating: autoDraw = True
266.6327 	EXP 	grating: tex = 'sin'
266.9329 	EXP 	grating: autoDraw = False
267.1678 	DATA 	Keypress: left
267.1827 	EXP 	fixation: autoDraw = False
267.1827 	EXP 	grating: autoDraw = False
267.2764 	EXP 	window1: mouseVisible = True
